# JRE version: OpenJDK Runtime Environment Temurin-17.0.10+7 (17.0.10+7) (build 17.0.10+7)
# Java VM: OpenJDK 64-Bit Server VM Temurin-17.0.10+7 (17.0.10+7, mixed mode, emulated-client, tiered, compressed oops, compressed class ptrs, g1 gc, windows-amd64)
GC Precious Log:
 CPUs: 12 total, 12 available
 Memory: 16121M
 Large Page Support: Disabled
 NUMA Support: Disabled
 Compressed Oops: Enabled (32-bit)
 Heap Region Size: 1M
 Heap Min Capacity: 8M
 Heap Initial Capacity: 252M
 Heap Max Capacity: 1G
 Pre-touch: Disabled
 Parallel Workers: 10
 Concurrent Workers: 3
 Concurrent Refinement Workers: 10
 Periodic GC: Disabled
Heap:
 garbage-first heap   total 78848K, used 29704K [0x00000000c0000000, 0x0000000100000000)
  region size 1024K, 1 young (1024K), 0 survivors (0K)
 Metaspace       used 58385K, committed 58816K, reserved 1114112K
  class space    used 7212K, committed 7424K, reserved 1048576K
GC Heap History (20 events):
Event: 9307.448 GC heap before
{Heap before GC invocations=509 (full 481):
 garbage-first heap   total 78848K, used 29704K [0x00000000c0000000, 0x0000000100000000)
  region size 1024K, 1 young (1024K), 0 survivors (0K)
 Metaspace       used 58385K, committed 58816K, reserved 1114112K
  class space    used 7212K, committed 7424K, reserved 1048576K
}
Event: 9307.469 GC heap after
{Heap after GC invocations=510 (full 482):
 garbage-first heap   total 78848K, used 29704K [0x00000000c0000000, 0x0000000100000000)
  region size 1024K, 0 young (0K), 0 survivors (0K)
 Metaspace       used 58385K, committed 58816K, reserved 1114112K
  class space    used 7212K, committed 7424K, reserved 1048576K
}
Event: 9317.613 GC heap before
{Heap before GC invocations=510 (full 482):
 garbage-first heap   total 78848K, used 29704K [0x00000000c0000000, 0x0000000100000000)
  region size 1024K, 1 young (1024K), 0 survivors (0K)
 Metaspace       used 58385K, committed 58816K, reserved 1114112K
  class space    used 7212K, committed 7424K, reserved 1048576K
}
Event: 9317.635 GC heap after
{Heap after GC invocations=511 (full 483):
 garbage-first heap   total 78848K, used 29704K [0x00000000c0000000, 0x0000000100000000)
  region size 1024K, 0 young (0K), 0 survivors (0K)
 Metaspace       used 58385K, committed 58816K, reserved 1114112K
  class space    used 7212K, committed 7424K, reserved 1048576K
}
Event: 9327.803 GC heap before
{Heap before GC invocations=511 (full 483):
 garbage-first heap   total 78848K, used 29704K [0x00000000c0000000, 0x0000000100000000)
  region size 1024K, 1 young (1024K), 0 survivors (0K)
 Metaspace       used 58385K, committed 58816K, reserved 1114112K
  class space    used 7212K, committed 7424K, reserved 1048576K
}
Event: 9327.828 GC heap after
{Heap after GC invocations=512 (full 484):
 garbage-first heap   total 78848K, used 29704K [0x00000000c0000000, 0x0000000100000000)
  region size 1024K, 0 young (0K), 0 survivors (0K)
 Metaspace       used 58385K, committed 58816K, reserved 1114112K
  class space    used 7212K, committed 7424K, reserved 1048576K
}
Event: 9338.034 GC heap before
{Heap before GC invocations=512 (full 484):
 garbage-first heap   total 78848K, used 29704K [0x00000000c0000000, 0x0000000100000000)
  region size 1024K, 1 young (1024K), 0 survivors (0K)
 Metaspace       used 58385K, committed 58816K, reserved 1114112K
  class space    used 7212K, committed 7424K, reserved 1048576K
}
Event: 9338.065 GC heap after
{Heap after GC invocations=513 (full 485):
 garbage-first heap   total 78848K, used 29704K [0x00000000c0000000, 0x0000000100000000)
  region size 1024K, 0 young (0K), 0 survivors (0K)
 Metaspace       used 58385K, committed 58816K, reserved 1114112K
  class space    used 7212K, committed 7424K, reserved 1048576K
}
Event: 9348.204 GC heap before
{Heap before GC invocations=513 (full 485):
 garbage-first heap   total 78848K, used 29704K [0x00000000c0000000, 0x0000000100000000)
  region size 1024K, 1 young (1024K), 0 survivors (0K)
 Metaspace       used 58385K, committed 58816K, reserved 1114112K
  class space    used 7212K, committed 7424K, reserved 1048576K
}
Event: 9348.226 GC heap after
{Heap after GC invocations=514 (full 486):
 garbage-first heap   total 78848K, used 29704K [0x00000000c0000000, 0x0000000100000000)
  region size 1024K, 0 young (0K), 0 survivors (0K)
 Metaspace       used 58385K, committed 58816K, reserved 1114112K
  class space    used 7212K, committed 7424K, reserved 1048576K
}
Event: 9358.358 GC heap before
{Heap before GC invocations=514 (full 486):
 garbage-first heap   total 78848K, used 29704K [0x00000000c0000000, 0x0000000100000000)
  region size 1024K, 1 young (1024K), 0 survivors (0K)
 Metaspace       used 58385K, committed 58816K, reserved 1114112K
  class space    used 7212K, committed 7424K, reserved 1048576K
}
Event: 9358.380 GC heap after
{Heap after GC invocations=515 (full 487):
 garbage-first heap   total 78848K, used 29704K [0x00000000c0000000, 0x0000000100000000)
  region size 1024K, 0 young (0K), 0 survivors (0K)
 Metaspace       used 58385K, committed 58816K, reserved 1114112K
  class space    used 7212K, committed 7424K, reserved 1048576K
}
Event: 9368.514 GC heap before
{Heap before GC invocations=515 (full 487):
 garbage-first heap   total 78848K, used 29704K [0x00000000c0000000, 0x0000000100000000)
  region size 1024K, 1 young (1024K), 0 survivors (0K)
 Metaspace       used 58385K, committed 58816K, reserved 1114112K
  class space    used 7212K, committed 7424K, reserved 1048576K
}
Event: 9368.536 GC heap after
{Heap after GC invocations=516 (full 488):
 garbage-first heap   total 78848K, used 29704K [0x00000000c0000000, 0x0000000100000000)
  region size 1024K, 0 young (0K), 0 survivors (0K)
 Metaspace       used 58385K, committed 58816K, reserved 1114112K
  class space    used 7212K, committed 7424K, reserved 1048576K
}
Event: 9378.675 GC heap before
{Heap before GC invocations=516 (full 488):
 garbage-first heap   total 78848K, used 29704K [0x00000000c0000000, 0x0000000100000000)
  region size 1024K, 1 young (1024K), 0 survivors (0K)
 Metaspace       used 58385K, committed 58816K, reserved 1114112K
  class space    used 7212K, committed 7424K, reserved 1048576K
}
Event: 9378.696 GC heap after
{Heap after GC invocations=517 (full 489):
 garbage-first heap   total 78848K, used 29704K [0x00000000c0000000, 0x0000000100000000)
  region size 1024K, 0 young (0K), 0 survivors (0K)
 Metaspace       used 58385K, committed 58816K, reserved 1114112K
  class space    used 7212K, committed 7424K, reserved 1048576K
}
Event: 9388.993 GC heap before
{Heap before GC invocations=517 (full 489):
 garbage-first heap   total 78848K, used 29704K [0x00000000c0000000, 0x0000000100000000)
  region size 1024K, 1 young (1024K), 0 survivors (0K)
 Metaspace       used 58385K, committed 58816K, reserved 1114112K
  class space    used 7212K, committed 7424K, reserved 1048576K
}
Event: 9389.040 GC heap after
{Heap after GC invocations=518 (full 490):
 garbage-first heap   total 78848K, used 29704K [0x00000000c0000000, 0x0000000100000000)
  region size 1024K, 0 young (0K), 0 survivors (0K)
 Metaspace       used 58385K, committed 58816K, reserved 1114112K
  class space    used 7212K, committed 7424K, reserved 1048576K
}
Event: 9399.197 GC heap before
{Heap before GC invocations=518 (full 490):
 garbage-first heap   total 78848K, used 29704K [0x00000000c0000000, 0x0000000100000000)
  region size 1024K, 1 young (1024K), 0 survivors (0K)
 Metaspace       used 58385K, committed 58816K, reserved 1114112K
  class space    used 7212K, committed 7424K, reserved 1048576K
}
Event: 9399.225 GC heap after
{Heap after GC invocations=519 (full 491):
 garbage-first heap   total 78848K, used 29704K [0x00000000c0000000, 0x0000000100000000)
  region size 1024K, 0 young (0K), 0 survivors (0K)
 Metaspace       used 58385K, committed 58816K, reserved 1114112K
  class space    used 7212K, committed 7424K, reserved 1048576K
}

